[  0%] Building C object CMakeFiles/lvgl_linux.dir/src/lib/driver_backends.c.o
[  0%] Building C object CMakeFiles/lvgl_linux.dir/src/lib/mouse_cursor_icon.c.o
[  0%] Building C object CMakeFiles/lvgl_linux.dir/src/lib/simulator_util.c.o
[  0%] Building C object CMakeFiles/lvgl_linux.dir/src/lib/display_backends/sdl.c.o
[  0%] Linking C static library liblvgl_linux.a
[  0%] Built target lvgl_linux
[  0%] Building CXX object lvgl/CMakeFiles/lvgl_thorvg.dir/src/libs/thorvg/tvgAccessor.cpp.o
[  0%] Building CXX object lvgl/CMakeFiles/lvgl_thorvg.dir/src/libs/thorvg/tvgAnimation.cpp.o
[  1%] Building CXX object lvgl/CMakeFiles/lvgl_thorvg.dir/src/libs/thorvg/tvgCanvas.cpp.o
[  1%] Building CXX object lvgl/CMakeFiles/lvgl_thorvg.dir/src/libs/thorvg/tvgCapi.cpp.o
[  1%] Building CXX object lvgl/CMakeFiles/lvgl_thorvg.dir/src/libs/thorvg/tvgCompressor.cpp.o
[  1%] Building CXX object lvgl/CMakeFiles/lvgl_thorvg.dir/src/libs/thorvg/tvgFill.cpp.o
[  1%] Building CXX object lvgl/CMakeFiles/lvgl_thorvg.dir/src/libs/thorvg/tvgGlCanvas.cpp.o
[  1%] Building CXX object lvgl/CMakeFiles/lvgl_thorvg.dir/src/libs/thorvg/tvgInitializer.cpp.o
[  1%] Building CXX object lvgl/CMakeFiles/lvgl_thorvg.dir/src/libs/thorvg/tvgLoader.cpp.o
[  1%] Building CXX object lvgl/CMakeFiles/lvgl_thorvg.dir/src/libs/thorvg/tvgLottieAnimation.cpp.o
[  1%] Building CXX object lvgl/CMakeFiles/lvgl_thorvg.dir/src/libs/thorvg/tvgLottieBuilder.cpp.o
[  2%] Building CXX object lvgl/CMakeFiles/lvgl_thorvg.dir/src/libs/thorvg/tvgLottieExpressions.cpp.o
[  2%] Building CXX object lvgl/CMakeFiles/lvgl_thorvg.dir/src/libs/thorvg/tvgLottieInterpolator.cpp.o
[  2%] Building CXX object lvgl/CMakeFiles/lvgl_thorvg.dir/src/libs/thorvg/tvgLottieLoader.cpp.o
[  2%] Building CXX object lvgl/CMakeFiles/lvgl_thorvg.dir/src/libs/thorvg/tvgLottieModel.cpp.o
[  2%] Building CXX object lvgl/CMakeFiles/lvgl_thorvg.dir/src/libs/thorvg/tvgLottieModifier.cpp.o
[  2%] Building CXX object lvgl/CMakeFiles/lvgl_thorvg.dir/src/libs/thorvg/tvgLottieParser.cpp.o
[  2%] Building CXX object lvgl/CMakeFiles/lvgl_thorvg.dir/src/libs/thorvg/tvgLottieParserHandler.cpp.o
[  2%] Building CXX object lvgl/CMakeFiles/lvgl_thorvg.dir/src/libs/thorvg/tvgMath.cpp.o
[  2%] Building CXX object lvgl/CMakeFiles/lvgl_thorvg.dir/src/libs/thorvg/tvgPaint.cpp.o
[  2%] Building CXX object lvgl/CMakeFiles/lvgl_thorvg.dir/src/libs/thorvg/tvgPicture.cpp.o
[  3%] Building CXX object lvgl/CMakeFiles/lvgl_thorvg.dir/src/libs/thorvg/tvgRawLoader.cpp.o
[  3%] Building CXX object lvgl/CMakeFiles/lvgl_thorvg.dir/src/libs/thorvg/tvgRender.cpp.o
[  3%] Building CXX object lvgl/CMakeFiles/lvgl_thorvg.dir/src/libs/thorvg/tvgSaver.cpp.o
[  3%] Building CXX object lvgl/CMakeFiles/lvgl_thorvg.dir/src/libs/thorvg/tvgScene.cpp.o
[  3%] Building CXX object lvgl/CMakeFiles/lvgl_thorvg.dir/src/libs/thorvg/tvgShape.cpp.o
[  3%] Building CXX object lvgl/CMakeFiles/lvgl_thorvg.dir/src/libs/thorvg/tvgStr.cpp.o
[  3%] Building CXX object lvgl/CMakeFiles/lvgl_thorvg.dir/src/libs/thorvg/tvgSvgCssStyle.cpp.o
[  3%] Building CXX object lvgl/CMakeFiles/lvgl_thorvg.dir/src/libs/thorvg/tvgSvgLoader.cpp.o
[  3%] Building CXX object lvgl/CMakeFiles/lvgl_thorvg.dir/src/libs/thorvg/tvgSvgPath.cpp.o
[  4%] Building CXX object lvgl/CMakeFiles/lvgl_thorvg.dir/src/libs/thorvg/tvgSvgSceneBuilder.cpp.o
[  4%] Building CXX object lvgl/CMakeFiles/lvgl_thorvg.dir/src/libs/thorvg/tvgSvgUtil.cpp.o
[  4%] Building CXX object lvgl/CMakeFiles/lvgl_thorvg.dir/src/libs/thorvg/tvgSwCanvas.cpp.o
[  4%] Building CXX object lvgl/CMakeFiles/lvgl_thorvg.dir/src/libs/thorvg/tvgSwFill.cpp.o
[  4%] Building CXX object lvgl/CMakeFiles/lvgl_thorvg.dir/src/libs/thorvg/tvgSwImage.cpp.o
[  4%] Building CXX object lvgl/CMakeFiles/lvgl_thorvg.dir/src/libs/thorvg/tvgSwMath.cpp.o
[  4%] Building CXX object lvgl/CMakeFiles/lvgl_thorvg.dir/src/libs/thorvg/tvgSwMemPool.cpp.o
[  4%] Building CXX object lvgl/CMakeFiles/lvgl_thorvg.dir/src/libs/thorvg/tvgSwPostEffect.cpp.o
[  4%] Building CXX object lvgl/CMakeFiles/lvgl_thorvg.dir/src/libs/thorvg/tvgSwRaster.cpp.o
[  4%] Building CXX object lvgl/CMakeFiles/lvgl_thorvg.dir/src/libs/thorvg/tvgSwRenderer.cpp.o
[  5%] Building CXX object lvgl/CMakeFiles/lvgl_thorvg.dir/src/libs/thorvg/tvgSwRle.cpp.o
[  5%] Building CXX object lvgl/CMakeFiles/lvgl_thorvg.dir/src/libs/thorvg/tvgSwShape.cpp.o
[  5%] Building CXX object lvgl/CMakeFiles/lvgl_thorvg.dir/src/libs/thorvg/tvgSwStroke.cpp.o
[  5%] Building CXX object lvgl/CMakeFiles/lvgl_thorvg.dir/src/libs/thorvg/tvgTaskScheduler.cpp.o
[  5%] Building CXX object lvgl/CMakeFiles/lvgl_thorvg.dir/src/libs/thorvg/tvgText.cpp.o
[  5%] Building CXX object lvgl/CMakeFiles/lvgl_thorvg.dir/src/libs/thorvg/tvgWgCanvas.cpp.o
[  5%] Building CXX object lvgl/CMakeFiles/lvgl_thorvg.dir/src/libs/thorvg/tvgXmlParser.cpp.o
[  5%] Linking CXX static library lib/liblvgl_thorvg.a
[  5%] Built target lvgl_thorvg
[  5%] Building C object lvgl/CMakeFiles/lvgl.dir/src/core/lv_group.c.o
[  5%] Building C object lvgl/CMakeFiles/lvgl.dir/src/core/lv_obj.c.o
[  5%] Building C object lvgl/CMakeFiles/lvgl.dir/src/core/lv_obj_class.c.o
[  5%] Building C object lvgl/CMakeFiles/lvgl.dir/src/core/lv_obj_draw.c.o
[  5%] Building C object lvgl/CMakeFiles/lvgl.dir/src/core/lv_obj_event.c.o
[  5%] Building C object lvgl/CMakeFiles/lvgl.dir/src/core/lv_obj_id_builtin.c.o
[  5%] Building C object lvgl/CMakeFiles/lvgl.dir/src/core/lv_obj_pos.c.o
[  5%] Building C object lvgl/CMakeFiles/lvgl.dir/src/core/lv_obj_property.c.o
[  5%] Building C object lvgl/CMakeFiles/lvgl.dir/src/core/lv_obj_scroll.c.o
[  6%] Building C object lvgl/CMakeFiles/lvgl.dir/src/core/lv_obj_style.c.o
[  6%] Building C object lvgl/CMakeFiles/lvgl.dir/src/core/lv_obj_style_gen.c.o
[  6%] Building C object lvgl/CMakeFiles/lvgl.dir/src/core/lv_obj_tree.c.o
[  6%] Building C object lvgl/CMakeFiles/lvgl.dir/src/core/lv_observer.c.o
[  6%] Building C object lvgl/CMakeFiles/lvgl.dir/src/core/lv_refr.c.o
[  6%] Building C object lvgl/CMakeFiles/lvgl.dir/src/debugging/monkey/lv_monkey.c.o
[  6%] Building C object lvgl/CMakeFiles/lvgl.dir/src/debugging/sysmon/lv_sysmon.c.o
[  6%] Building C object lvgl/CMakeFiles/lvgl.dir/src/debugging/test/lv_test_display.c.o
[  6%] Building C object lvgl/CMakeFiles/lvgl.dir/src/debugging/test/lv_test_fs.c.o
[  6%] Building C object lvgl/CMakeFiles/lvgl.dir/src/debugging/test/lv_test_helpers.c.o
[  7%] Building C object lvgl/CMakeFiles/lvgl.dir/src/debugging/test/lv_test_indev.c.o
[  7%] Building C object lvgl/CMakeFiles/lvgl.dir/src/debugging/test/lv_test_indev_gesture.c.o
[  7%] Building C object lvgl/CMakeFiles/lvgl.dir/src/debugging/test/lv_test_screenshot_compare.c.o
[  7%] Building C object lvgl/CMakeFiles/lvgl.dir/src/debugging/vg_lite_tvg/vg_lite_matrix.c.o
[  7%] Building CXX object lvgl/CMakeFiles/lvgl.dir/src/debugging/vg_lite_tvg/vg_lite_tvg.cpp.o
[  7%] Building C object lvgl/CMakeFiles/lvgl.dir/src/display/lv_display.c.o
[  7%] Building C object lvgl/CMakeFiles/lvgl.dir/src/draw/convert/helium/lv_draw_buf_convert_helium.c.o
[  7%] Building C object lvgl/CMakeFiles/lvgl.dir/src/draw/convert/lv_draw_buf_convert.c.o
[  7%] Building C object lvgl/CMakeFiles/lvgl.dir/src/draw/convert/neon/lv_draw_buf_convert_neon.c.o
[  8%] Building C object lvgl/CMakeFiles/lvgl.dir/src/draw/dma2d/lv_draw_dma2d.c.o
[  8%] Building C object lvgl/CMakeFiles/lvgl.dir/src/draw/dma2d/lv_draw_dma2d_fill.c.o
[  8%] Building C object lvgl/CMakeFiles/lvgl.dir/src/draw/dma2d/lv_draw_dma2d_img.c.o
[  8%] Building C object lvgl/CMakeFiles/lvgl.dir/src/draw/espressif/ppa/lv_draw_ppa.c.o
[  8%] Building C object lvgl/CMakeFiles/lvgl.dir/src/draw/espressif/ppa/lv_draw_ppa_buf.c.o
[  8%] Building C object lvgl/CMakeFiles/lvgl.dir/src/draw/espressif/ppa/lv_draw_ppa_fill.c.o
[  8%] Building C object lvgl/CMakeFiles/lvgl.dir/src/draw/espressif/ppa/lv_draw_ppa_img.c.o
[  8%] Building C object lvgl/CMakeFiles/lvgl.dir/src/draw/eve/lv_draw_eve.c.o
[  8%] Building C object lvgl/CMakeFiles/lvgl.dir/src/draw/eve/lv_draw_eve_arc.c.o
[  8%] Building C object lvgl/CMakeFiles/lvgl.dir/src/draw/eve/lv_draw_eve_fill.c.o
[  9%] Building C object lvgl/CMakeFiles/lvgl.dir/src/draw/eve/lv_draw_eve_image.c.o
[  9%] Building C object lvgl/CMakeFiles/lvgl.dir/src/draw/eve/lv_draw_eve_letter.c.o
[  9%] Building C object lvgl/CMakeFiles/lvgl.dir/src/draw/eve/lv_draw_eve_line.c.o
[  9%] Building C object lvgl/CMakeFiles/lvgl.dir/src/draw/eve/lv_draw_eve_ram_g.c.o
[  9%] Building C object lvgl/CMakeFiles/lvgl.dir/src/draw/eve/lv_draw_eve_triangle.c.o
[  9%] Building C object lvgl/CMakeFiles/lvgl.dir/src/draw/eve/lv_eve.c.o
[  9%] Building C object lvgl/CMakeFiles/lvgl.dir/src/draw/lv_draw.c.o
[  9%] Building C object lvgl/CMakeFiles/lvgl.dir/src/draw/lv_draw_3d.c.o
[  9%] Building C object lvgl/CMakeFiles/lvgl.dir/src/draw/lv_draw_arc.c.o
[ 10%] Building C object lvgl/CMakeFiles/lvgl.dir/src/draw/lv_draw_blur.c.o
[ 10%] Building C object lvgl/CMakeFiles/lvgl.dir/src/draw/lv_draw_buf.c.o
[ 10%] Building C object lvgl/CMakeFiles/lvgl.dir/src/draw/lv_draw_image.c.o
[ 10%] Building C object lvgl/CMakeFiles/lvgl.dir/src/draw/lv_draw_label.c.o
[ 10%] Building C object lvgl/CMakeFiles/lvgl.dir/src/draw/lv_draw_line.c.o
[ 10%] Building C object lvgl/CMakeFiles/lvgl.dir/src/draw/lv_draw_mask.c.o
[ 10%] Building C object lvgl/CMakeFiles/lvgl.dir/src/draw/lv_draw_rect.c.o
[ 10%] Building C object lvgl/CMakeFiles/lvgl.dir/src/draw/lv_draw_triangle.c.o
[ 10%] Building C object lvgl/CMakeFiles/lvgl.dir/src/draw/lv_draw_vector.c.o
[ 10%] Building C object lvgl/CMakeFiles/lvgl.dir/src/draw/lv_image_decoder.c.o
[ 11%] Building C object lvgl/CMakeFiles/lvgl.dir/src/draw/nanovg/lv_draw_nanovg.c.o
[ 11%] Building C object lvgl/CMakeFiles/lvgl.dir/src/draw/nanovg/lv_draw_nanovg_3d.c.o
[ 11%] Building C object lvgl/CMakeFiles/lvgl.dir/src/draw/nanovg/lv_draw_nanovg_arc.c.o
[ 11%] Building C object lvgl/CMakeFiles/lvgl.dir/src/draw/nanovg/lv_draw_nanovg_blur.c.o
[ 11%] Building C object lvgl/CMakeFiles/lvgl.dir/src/draw/nanovg/lv_draw_nanovg_border.c.o
[ 11%] Building C object lvgl/CMakeFiles/lvgl.dir/src/draw/nanovg/lv_draw_nanovg_box_shadow.c.o
[ 11%] Building C object lvgl/CMakeFiles/lvgl.dir/src/draw/nanovg/lv_draw_nanovg_fill.c.o
[ 11%] Building C object lvgl/CMakeFiles/lvgl.dir/src/draw/nanovg/lv_draw_nanovg_grad.c.o
[ 11%] Building C object lvgl/CMakeFiles/lvgl.dir/src/draw/nanovg/lv_draw_nanovg_image.c.o
[ 12%] Building C object lvgl/CMakeFiles/lvgl.dir/src/draw/nanovg/lv_draw_nanovg_label.c.o
[ 12%] Building C object lvgl/CMakeFiles/lvgl.dir/src/draw/nanovg/lv_draw_nanovg_layer.c.o
[ 12%] Building C object lvgl/CMakeFiles/lvgl.dir/src/draw/nanovg/lv_draw_nanovg_line.c.o
[ 12%] Building C object lvgl/CMakeFiles/lvgl.dir/src/draw/nanovg/lv_draw_nanovg_mask_rect.c.o
[ 12%] Building C object lvgl/CMakeFiles/lvgl.dir/src/draw/nanovg/lv_draw_nanovg_triangle.c.o
[ 12%] Building C object lvgl/CMakeFiles/lvgl.dir/src/draw/nanovg/lv_draw_nanovg_vector.c.o
[ 12%] Building C object lvgl/CMakeFiles/lvgl.dir/src/draw/nanovg/lv_nanovg_fbo_cache.c.o
[ 12%] Building C object lvgl/CMakeFiles/lvgl.dir/src/draw/nanovg/lv_nanovg_image_cache.c.o
[ 12%] Building C object lvgl/CMakeFiles/lvgl.dir/src/draw/nanovg/lv_nanovg_utils.c.o
[ 12%] Building C object lvgl/CMakeFiles/lvgl.dir/src/draw/nema_gfx/lv_draw_nema_gfx.c.o
[ 13%] Building C object lvgl/CMakeFiles/lvgl.dir/src/draw/nema_gfx/lv_draw_nema_gfx_arc.c.o
[ 13%] Building C object lvgl/CMakeFiles/lvgl.dir/src/draw/nema_gfx/lv_draw_nema_gfx_border.c.o
[ 13%] Building C object lvgl/CMakeFiles/lvgl.dir/src/draw/nema_gfx/lv_draw_nema_gfx_cache.c.o
[ 13%] Building C object lvgl/CMakeFiles/lvgl.dir/src/draw/nema_gfx/lv_draw_nema_gfx_fill.c.o
[ 13%] Building C object lvgl/CMakeFiles/lvgl.dir/src/draw/nema_gfx/lv_draw_nema_gfx_img.c.o
[ 13%] Building C object lvgl/CMakeFiles/lvgl.dir/src/draw/nema_gfx/lv_draw_nema_gfx_label.c.o
[ 13%] Building C object lvgl/CMakeFiles/lvgl.dir/src/draw/nema_gfx/lv_draw_nema_gfx_layer.c.o
[ 13%] Building C object lvgl/CMakeFiles/lvgl.dir/src/draw/nema_gfx/lv_draw_nema_gfx_line.c.o
[ 13%] Building C object lvgl/CMakeFiles/lvgl.dir/src/draw/nema_gfx/lv_draw_nema_gfx_stm32_hal.c.o
[ 13%] Building C object lvgl/CMakeFiles/lvgl.dir/src/draw/nema_gfx/lv_draw_nema_gfx_triangle.c.o
[ 14%] Building C object lvgl/CMakeFiles/lvgl.dir/src/draw/nema_gfx/lv_draw_nema_gfx_utils.c.o
[ 14%] Building C object lvgl/CMakeFiles/lvgl.dir/src/draw/nema_gfx/lv_draw_nema_gfx_vector.c.o
[ 14%] Building C object lvgl/CMakeFiles/lvgl.dir/src/draw/nema_gfx/lv_nema_gfx_path.c.o
[ 14%] Building C object lvgl/CMakeFiles/lvgl.dir/src/draw/nxp/g2d/lv_draw_buf_g2d.c.o
[ 14%] Building C object lvgl/CMakeFiles/lvgl.dir/src/draw/nxp/g2d/lv_draw_g2d.c.o
[ 14%] Building C object lvgl/CMakeFiles/lvgl.dir/src/draw/nxp/g2d/lv_draw_g2d_fill.c.o
[ 14%] Building C object lvgl/CMakeFiles/lvgl.dir/src/draw/nxp/g2d/lv_draw_g2d_img.c.o
[ 14%] Building C object lvgl/CMakeFiles/lvgl.dir/src/draw/nxp/g2d/lv_g2d_buf_map.c.o
[ 14%] Building C object lvgl/CMakeFiles/lvgl.dir/src/draw/nxp/g2d/lv_g2d_utils.c.o
[ 15%] Building C object lvgl/CMakeFiles/lvgl.dir/src/draw/nxp/pxp/lv_draw_buf_pxp.c.o
[ 15%] Building C object lvgl/CMakeFiles/lvgl.dir/src/draw/nxp/pxp/lv_draw_pxp.c.o
[ 15%] Building C object lvgl/CMakeFiles/lvgl.dir/src/draw/nxp/pxp/lv_draw_pxp_fill.c.o
[ 15%] Building C object lvgl/CMakeFiles/lvgl.dir/src/draw/nxp/pxp/lv_draw_pxp_img.c.o
[ 15%] Building C object lvgl/CMakeFiles/lvgl.dir/src/draw/nxp/pxp/lv_draw_pxp_layer.c.o
[ 15%] Building C object lvgl/CMakeFiles/lvgl.dir/src/draw/nxp/pxp/lv_pxp_cfg.c.o
[ 15%] Building C object lvgl/CMakeFiles/lvgl.dir/src/draw/nxp/pxp/lv_pxp_osa.c.o
[ 15%] Building C object lvgl/CMakeFiles/lvgl.dir/src/draw/nxp/pxp/lv_pxp_utils.c.o
[ 15%] Building C object lvgl/CMakeFiles/lvgl.dir/src/draw/opengles/lv_draw_opengles.c.o
[ 15%] Building C object lvgl/CMakeFiles/lvgl.dir/src/draw/renesas/dave2d/lv_draw_dave2d.c.o
[ 16%] Building C object lvgl/CMakeFiles/lvgl.dir/src/draw/renesas/dave2d/lv_draw_dave2d_arc.c.o
[ 16%] Building C object lvgl/CMakeFiles/lvgl.dir/src/draw/renesas/dave2d/lv_draw_dave2d_border.c.o
[ 16%] Building C object lvgl/CMakeFiles/lvgl.dir/src/draw/renesas/dave2d/lv_draw_dave2d_fill.c.o
[ 16%] Building C object lvgl/CMakeFiles/lvgl.dir/src/draw/renesas/dave2d/lv_draw_dave2d_image.c.o
[ 16%] Building C object lvgl/CMakeFiles/lvgl.dir/src/draw/renesas/dave2d/lv_draw_dave2d_label.c.o
[ 16%] Building C object lvgl/CMakeFiles/lvgl.dir/src/draw/renesas/dave2d/lv_draw_dave2d_line.c.o
[ 16%] Building C object lvgl/CMakeFiles/lvgl.dir/src/draw/renesas/dave2d/lv_draw_dave2d_mask_rectangle.c.o
[ 16%] Building C object lvgl/CMakeFiles/lvgl.dir/src/draw/renesas/dave2d/lv_draw_dave2d_triangle.c.o
[ 16%] Building C object lvgl/CMakeFiles/lvgl.dir/src/draw/renesas/dave2d/lv_draw_dave2d_utils.c.o
[ 17%] Building C object lvgl/CMakeFiles/lvgl.dir/src/draw/sdl/lv_draw_sdl.c.o
[ 17%] Building C object lvgl/CMakeFiles/lvgl.dir/src/draw/snapshot/lv_snapshot.c.o
[ 17%] Building ASM object lvgl/CMakeFiles/lvgl.dir/src/draw/sw/blend/helium/lv_blend_helium.S.o
[ 17%] Building C object lvgl/CMakeFiles/lvgl.dir/src/draw/sw/blend/lv_draw_sw_blend.c.o
[ 17%] Building C object lvgl/CMakeFiles/lvgl.dir/src/draw/sw/blend/lv_draw_sw_blend_to_a8.c.o
[ 17%] Building C object lvgl/CMakeFiles/lvgl.dir/src/draw/sw/blend/lv_draw_sw_blend_to_al88.c.o
[ 17%] Building C object lvgl/CMakeFiles/lvgl.dir/src/draw/sw/blend/lv_draw_sw_blend_to_argb8888.c.o
[ 17%] Building C object lvgl/CMakeFiles/lvgl.dir/src/draw/sw/blend/lv_draw_sw_blend_to_argb8888_premultiplied.c.o
[ 17%] Building C object lvgl/CMakeFiles/lvgl.dir/src/draw/sw/blend/lv_draw_sw_blend_to_i1.c.o
[ 17%] Building C object lvgl/CMakeFiles/lvgl.dir/src/draw/sw/blend/lv_draw_sw_blend_to_l8.c.o
[ 18%] Building C object lvgl/CMakeFiles/lvgl.dir/src/draw/sw/blend/lv_draw_sw_blend_to_rgb565.c.o
[ 18%] Building C object lvgl/CMakeFiles/lvgl.dir/src/draw/sw/blend/lv_draw_sw_blend_to_rgb565_swapped.c.o
[ 18%] Building C object lvgl/CMakeFiles/lvgl.dir/src/draw/sw/blend/lv_draw_sw_blend_to_rgb888.c.o
[ 18%] Building C object lvgl/CMakeFiles/lvgl.dir/src/draw/sw/blend/neon/lv_draw_sw_blend_neon_to_rgb565.c.o
[ 18%] Building C object lvgl/CMakeFiles/lvgl.dir/src/draw/sw/blend/neon/lv_draw_sw_blend_neon_to_rgb888.c.o
[ 18%] Building C object lvgl/CMakeFiles/lvgl.dir/src/draw/sw/blend/riscv_v/lv_draw_sw_blend_riscv_v_to_rgb888.c.o
[ 18%] Building C object lvgl/CMakeFiles/lvgl.dir/src/draw/sw/lv_draw_sw.c.o
[ 18%] Building C object lvgl/CMakeFiles/lvgl.dir/src/draw/sw/lv_draw_sw_arc.c.o
[ 18%] Building C object lvgl/CMakeFiles/lvgl.dir/src/draw/sw/lv_draw_sw_blur.c.o
[ 19%] Building C object lvgl/CMakeFiles/lvgl.dir/src/draw/sw/lv_draw_sw_border.c.o
[ 19%] Building C object lvgl/CMakeFiles/lvgl.dir/src/draw/sw/lv_draw_sw_box_shadow.c.o
[ 19%] Building C object lvgl/CMakeFiles/lvgl.dir/src/draw/sw/lv_draw_sw_fill.c.o
[ 19%] Building C object lvgl/CMakeFiles/lvgl.dir/src/draw/sw/lv_draw_sw_grad.c.o
[ 19%] Building C object lvgl/CMakeFiles/lvgl.dir/src/draw/sw/lv_draw_sw_img.c.o
[ 19%] Building C object lvgl/CMakeFiles/lvgl.dir/src/draw/sw/lv_draw_sw_letter.c.o
[ 19%] Building C object lvgl/CMakeFiles/lvgl.dir/src/draw/sw/lv_draw_sw_line.c.o
[ 19%] Building C object lvgl/CMakeFiles/lvgl.dir/src/draw/sw/lv_draw_sw_mask.c.o
[ 19%] Building C object lvgl/CMakeFiles/lvgl.dir/src/draw/sw/lv_draw_sw_mask_rect.c.o
[ 19%] Building C object lvgl/CMakeFiles/lvgl.dir/src/draw/sw/lv_draw_sw_transform.c.o
[ 20%] Building C object lvgl/CMakeFiles/lvgl.dir/src/draw/sw/lv_draw_sw_triangle.c.o
[ 20%] Building C object lvgl/CMakeFiles/lvgl.dir/src/draw/sw/lv_draw_sw_utils.c.o
[ 20%] Building C object lvgl/CMakeFiles/lvgl.dir/src/draw/sw/lv_draw_sw_vector.c.o
[ 20%] Building C object lvgl/CMakeFiles/lvgl.dir/src/draw/vg_lite/lv_draw_buf_vg_lite.c.o
[ 20%] Building C object lvgl/CMakeFiles/lvgl.dir/src/draw/vg_lite/lv_draw_vg_lite.c.o
[ 20%] Building C object lvgl/CMakeFiles/lvgl.dir/src/draw/vg_lite/lv_draw_vg_lite_arc.c.o
[ 20%] Building C object lvgl/CMakeFiles/lvgl.dir/src/draw/vg_lite/lv_draw_vg_lite_border.c.o
[ 20%] Building C object lvgl/CMakeFiles/lvgl.dir/src/draw/vg_lite/lv_draw_vg_lite_box_shadow.c.o
[ 20%] Building C object lvgl/CMakeFiles/lvgl.dir/src/draw/vg_lite/lv_draw_vg_lite_fill.c.o
[ 21%] Building C object lvgl/CMakeFiles/lvgl.dir/src/draw/vg_lite/lv_draw_vg_lite_img.c.o
[ 21%] Building C object lvgl/CMakeFiles/lvgl.dir/src/draw/vg_lite/lv_draw_vg_lite_label.c.o
[ 21%] Building C object lvgl/CMakeFiles/lvgl.dir/src/draw/vg_lite/lv_draw_vg_lite_layer.c.o
[ 21%] Building C object lvgl/CMakeFiles/lvgl.dir/src/draw/vg_lite/lv_draw_vg_lite_line.c.o
[ 21%] Building C object lvgl/CMakeFiles/lvgl.dir/src/draw/vg_lite/lv_draw_vg_lite_mask_rect.c.o
[ 21%] Building C object lvgl/CMakeFiles/lvgl.dir/src/draw/vg_lite/lv_draw_vg_lite_triangle.c.o
[ 21%] Building C object lvgl/CMakeFiles/lvgl.dir/src/draw/vg_lite/lv_draw_vg_lite_vector.c.o
[ 21%] Building C object lvgl/CMakeFiles/lvgl.dir/src/draw/vg_lite/lv_vg_lite_bitmap_font_cache.c.o
[ 21%] Building C object lvgl/CMakeFiles/lvgl.dir/src/draw/vg_lite/lv_vg_lite_decoder.c.o
[ 21%] Building C object lvgl/CMakeFiles/lvgl.dir/src/draw/vg_lite/lv_vg_lite_grad.c.o
[ 22%] Building C object lvgl/CMakeFiles/lvgl.dir/src/draw/vg_lite/lv_vg_lite_math.c.o
[ 22%] Building C object lvgl/CMakeFiles/lvgl.dir/src/draw/vg_lite/lv_vg_lite_path.c.o
[ 22%] Building C object lvgl/CMakeFiles/lvgl.dir/src/draw/vg_lite/lv_vg_lite_pending.c.o
[ 22%] Building C object lvgl/CMakeFiles/lvgl.dir/src/draw/vg_lite/lv_vg_lite_stroke.c.o
[ 22%] Building C object lvgl/CMakeFiles/lvgl.dir/src/draw/vg_lite/lv_vg_lite_utils.c.o
[ 22%] Building C object lvgl/CMakeFiles/lvgl.dir/src/drivers/display/drm/lv_linux_drm.c.o
[ 22%] Building C object lvgl/CMakeFiles/lvgl.dir/src/drivers/display/drm/lv_linux_drm_common.c.o
[ 22%] Building C object lvgl/CMakeFiles/lvgl.dir/src/drivers/display/drm/lv_linux_drm_egl.c.o
[ 22%] Building C object lvgl/CMakeFiles/lvgl.dir/src/drivers/display/fb/lv_linux_fbdev.c.o
[ 22%] Building C object lvgl/CMakeFiles/lvgl.dir/src/drivers/display/ft81x/lv_ft81x.c.o
[ 23%] Building C object lvgl/CMakeFiles/lvgl.dir/src/drivers/display/ili9341/lv_ili9341.c.o
[ 23%] Building C object lvgl/CMakeFiles/lvgl.dir/src/drivers/display/lcd/lv_lcd_generic_mipi.c.o
[ 23%] Building CXX object lvgl/CMakeFiles/lvgl.dir/src/drivers/display/lovyan_gfx/lv_lovyan_gfx.cpp.o
[ 23%] Building C object lvgl/CMakeFiles/lvgl.dir/src/drivers/display/nv3007/lv_nv3007.c.o
[ 23%] Building C object lvgl/CMakeFiles/lvgl.dir/src/drivers/display/nxp_elcdif/lv_nxp_elcdif.c.o
[ 23%] Building C object lvgl/CMakeFiles/lvgl.dir/src/drivers/display/renesas_glcdc/lv_renesas_glcdc.c.o
[ 23%] Building C object lvgl/CMakeFiles/lvgl.dir/src/drivers/display/st7735/lv_st7735.c.o
[ 23%] Building C object lvgl/CMakeFiles/lvgl.dir/src/drivers/display/st7789/lv_st7789.c.o
[ 23%] Building C object lvgl/CMakeFiles/lvgl.dir/src/drivers/display/st7796/lv_st7796.c.o
[ 24%] Building C object lvgl/CMakeFiles/lvgl.dir/src/drivers/display/st_ltdc/lv_st_ltdc.c.o
[ 24%] Building CXX object lvgl/CMakeFiles/lvgl.dir/src/drivers/display/tft_espi/lv_tft_espi.cpp.o
[ 24%] Building C object lvgl/CMakeFiles/lvgl.dir/src/drivers/draw/eve/lv_draw_eve_display.c.o
[ 24%] Building C object lvgl/CMakeFiles/lvgl.dir/src/drivers/evdev/lv_evdev.c.o
[ 24%] Building C object lvgl/CMakeFiles/lvgl.dir/src/drivers/libinput/lv_libinput.c.o
[ 24%] Building C object lvgl/CMakeFiles/lvgl.dir/src/drivers/libinput/lv_xkb.c.o
[ 24%] Building C object lvgl/CMakeFiles/lvgl.dir/src/drivers/nuttx/lv_nuttx_cache.c.o
[ 24%] Building C object lvgl/CMakeFiles/lvgl.dir/src/drivers/nuttx/lv_nuttx_entry.c.o
[ 24%] Building C object lvgl/CMakeFiles/lvgl.dir/src/drivers/nuttx/lv_nuttx_fbdev.c.o
[ 24%] Building C object lvgl/CMakeFiles/lvgl.dir/src/drivers/nuttx/lv_nuttx_image_cache.c.o
[ 25%] Building C object lvgl/CMakeFiles/lvgl.dir/src/drivers/nuttx/lv_nuttx_lcd.c.o
[ 25%] Building C object lvgl/CMakeFiles/lvgl.dir/src/drivers/nuttx/lv_nuttx_libuv.c.o
[ 25%] Building C object lvgl/CMakeFiles/lvgl.dir/src/drivers/nuttx/lv_nuttx_mouse.c.o
[ 25%] Building C object lvgl/CMakeFiles/lvgl.dir/src/drivers/nuttx/lv_nuttx_profiler.c.o
[ 25%] Building C object lvgl/CMakeFiles/lvgl.dir/src/drivers/nuttx/lv_nuttx_touchscreen.c.o
[ 25%] Building C object lvgl/CMakeFiles/lvgl.dir/src/drivers/opengles/assets/lv_opengles_shader.c.o
[ 25%] Building C object lvgl/CMakeFiles/lvgl.dir/src/drivers/opengles/glad/src/egl.c.o
[ 25%] Building C object lvgl/CMakeFiles/lvgl.dir/src/drivers/opengles/glad/src/gl.c.o
[ 25%] Building C object lvgl/CMakeFiles/lvgl.dir/src/drivers/opengles/glad/src/gles2.c.o
[ 26%] Building C object lvgl/CMakeFiles/lvgl.dir/src/drivers/opengles/lv_opengles_debug.c.o
[ 26%] Building C object lvgl/CMakeFiles/lvgl.dir/src/drivers/opengles/lv_opengles_driver.c.o
[ 26%] Building C object lvgl/CMakeFiles/lvgl.dir/src/drivers/opengles/lv_opengles_egl.c.o
[ 26%] Building C object lvgl/CMakeFiles/lvgl.dir/src/drivers/opengles/lv_opengles_glfw.c.o
[ 26%] Building C object lvgl/CMakeFiles/lvgl.dir/src/drivers/opengles/lv_opengles_texture.c.o
[ 26%] Building C object lvgl/CMakeFiles/lvgl.dir/src/drivers/opengles/opengl_shader/lv_opengl_shader_manager.c.o
[ 26%] Building C object lvgl/CMakeFiles/lvgl.dir/src/drivers/opengles/opengl_shader/lv_opengl_shader_program.c.o
[ 26%] Building C object lvgl/CMakeFiles/lvgl.dir/src/drivers/qnx/lv_qnx.c.o
[ 26%] Building C object lvgl/CMakeFiles/lvgl.dir/src/drivers/sdl/lv_sdl_egl.c.o
[ 26%] Building C object lvgl/CMakeFiles/lvgl.dir/src/drivers/sdl/lv_sdl_keyboard.c.o
[ 27%] Building C object lvgl/CMakeFiles/lvgl.dir/src/drivers/sdl/lv_sdl_mouse.c.o
[ 27%] Building C object lvgl/CMakeFiles/lvgl.dir/src/drivers/sdl/lv_sdl_mousewheel.c.o
[ 27%] Building C object lvgl/CMakeFiles/lvgl.dir/src/drivers/sdl/lv_sdl_sw.c.o
[ 27%] Building C object lvgl/CMakeFiles/lvgl.dir/src/drivers/sdl/lv_sdl_texture.c.o
[ 27%] Building C object lvgl/CMakeFiles/lvgl.dir/src/drivers/sdl/lv_sdl_window.c.o
[ 27%] Building C object lvgl/CMakeFiles/lvgl.dir/src/drivers/uefi/lv_uefi_context.c.o
[ 27%] Building C object lvgl/CMakeFiles/lvgl.dir/src/drivers/uefi/lv_uefi_display.c.o
[ 27%] Building C object lvgl/CMakeFiles/lvgl.dir/src/drivers/uefi/lv_uefi_indev_keyboard.c.o
[ 27%] Building C object lvgl/CMakeFiles/lvgl.dir/src/drivers/uefi/lv_uefi_indev_pointer.c.o
[ 28%] Building C object lvgl/CMakeFiles/lvgl.dir/src/drivers/uefi/lv_uefi_indev_touch.c.o
[ 28%] Building C object lvgl/CMakeFiles/lvgl.dir/src/drivers/uefi/lv_uefi_private.c.o
[ 28%] Building C object lvgl/CMakeFiles/lvgl.dir/src/drivers/wayland/lv_wayland.c.o
[ 28%] Building C object lvgl/CMakeFiles/lvgl.dir/src/drivers/wayland/lv_wayland_backend_egl.c.o
[ 28%] Building C object lvgl/CMakeFiles/lvgl.dir/src/drivers/wayland/lv_wayland_backend_g2d.c.o
[ 28%] Building C object lvgl/CMakeFiles/lvgl.dir/src/drivers/wayland/lv_wayland_backend_shm.c.o
[ 28%] Building C object lvgl/CMakeFiles/lvgl.dir/src/drivers/wayland/lv_wayland_keyboard.c.o
[ 28%] Building C object lvgl/CMakeFiles/lvgl.dir/src/drivers/wayland/lv_wayland_pointer.c.o
[ 28%] Building C object lvgl/CMakeFiles/lvgl.dir/src/drivers/wayland/lv_wayland_seat.c.o
[ 28%] Building C object lvgl/CMakeFiles/lvgl.dir/src/drivers/wayland/lv_wayland_touch.c.o
[ 29%] Building C object lvgl/CMakeFiles/lvgl.dir/src/drivers/wayland/lv_wayland_window.c.o
[ 29%] Building C object lvgl/CMakeFiles/lvgl.dir/src/drivers/wayland/lv_wayland_xdg_shell.c.o
[ 29%] Building C object lvgl/CMakeFiles/lvgl.dir/src/drivers/windows/lv_windows_context.c.o
[ 29%] Building C object lvgl/CMakeFiles/lvgl.dir/src/drivers/windows/lv_windows_display.c.o
[ 29%] Building C object lvgl/CMakeFiles/lvgl.dir/src/drivers/windows/lv_windows_input.c.o
[ 29%] Building C object lvgl/CMakeFiles/lvgl.dir/src/drivers/x11/lv_x11_display.c.o
[ 29%] Building C object lvgl/CMakeFiles/lvgl.dir/src/drivers/x11/lv_x11_input.c.o
[ 29%] Building C object lvgl/CMakeFiles/lvgl.dir/src/font/binfont_loader/lv_binfont_loader.c.o
[ 29%] Building C object lvgl/CMakeFiles/lvgl.dir/src/font/fmt_txt/lv_font_fmt_txt.c.o
[ 30%] Building C object lvgl/CMakeFiles/lvgl.dir/src/font/font_manager/lv_font_manager.c.o
[ 30%] Building C object lvgl/CMakeFiles/lvgl.dir/src/font/font_manager/lv_font_manager_recycle.c.o
[ 30%] Building C object lvgl/CMakeFiles/lvgl.dir/src/font/imgfont/lv_imgfont.c.o
[ 30%] Building C object lvgl/CMakeFiles/lvgl.dir/src/font/lv_font.c.o
[ 30%] Building C object lvgl/CMakeFiles/lvgl.dir/src/font/lv_font_dejavu_16_persian_hebrew.c.o
[ 30%] Building C object lvgl/CMakeFiles/lvgl.dir/src/font/lv_font_montserrat_10.c.o
[ 30%] Building C object lvgl/CMakeFiles/lvgl.dir/src/font/lv_font_montserrat_12.c.o
[ 30%] Building C object lvgl/CMakeFiles/lvgl.dir/src/font/lv_font_montserrat_12_subpx.c.o
[ 30%] Building C object lvgl/CMakeFiles/lvgl.dir/src/font/lv_font_montserrat_14.c.o
[ 30%] Building C object lvgl/CMakeFiles/lvgl.dir/src/font/lv_font_montserrat_14_aligned.c.o
[ 31%] Building C object lvgl/CMakeFiles/lvgl.dir/src/font/lv_font_montserrat_16.c.o
[ 31%] Building C object lvgl/CMakeFiles/lvgl.dir/src/font/lv_font_montserrat_18.c.o
[ 31%] Building C object lvgl/CMakeFiles/lvgl.dir/src/font/lv_font_montserrat_20.c.o
[ 31%] Building C object lvgl/CMakeFiles/lvgl.dir/src/font/lv_font_montserrat_22.c.o
[ 31%] Building C object lvgl/CMakeFiles/lvgl.dir/src/font/lv_font_montserrat_24.c.o
[ 31%] Building C object lvgl/CMakeFiles/lvgl.dir/src/font/lv_font_montserrat_26.c.o
[ 31%] Building C object lvgl/CMakeFiles/lvgl.dir/src/font/lv_font_montserrat_28.c.o
[ 31%] Building C object lvgl/CMakeFiles/lvgl.dir/src/font/lv_font_montserrat_28_compressed.c.o
[ 31%] Building C object lvgl/CMakeFiles/lvgl.dir/src/font/lv_font_montserrat_30.c.o
[ 31%] Building C object lvgl/CMakeFiles/lvgl.dir/src/font/lv_font_montserrat_32.c.o
[ 32%] Building C object lvgl/CMakeFiles/lvgl.dir/src/font/lv_font_montserrat_34.c.o
[ 32%] Building C object lvgl/CMakeFiles/lvgl.dir/src/font/lv_font_montserrat_36.c.o
[ 32%] Building C object lvgl/CMakeFiles/lvgl.dir/src/font/lv_font_montserrat_38.c.o
[ 32%] Building C object lvgl/CMakeFiles/lvgl.dir/src/font/lv_font_montserrat_40.c.o
[ 32%] Building C object lvgl/CMakeFiles/lvgl.dir/src/font/lv_font_montserrat_42.c.o
[ 32%] Building C object lvgl/CMakeFiles/lvgl.dir/src/font/lv_font_montserrat_44.c.o
[ 32%] Building C object lvgl/CMakeFiles/lvgl.dir/src/font/lv_font_montserrat_46.c.o
[ 32%] Building C object lvgl/CMakeFiles/lvgl.dir/src/font/lv_font_montserrat_48.c.o
[ 32%] Building C object lvgl/CMakeFiles/lvgl.dir/src/font/lv_font_montserrat_8.c.o
[ 33%] Building C object lvgl/CMakeFiles/lvgl.dir/src/font/lv_font_source_han_sans_sc_14_cjk.c.o
[ 33%] Building C object lvgl/CMakeFiles/lvgl.dir/src/font/lv_font_source_han_sans_sc_16_cjk.c.o
[ 33%] Building C object lvgl/CMakeFiles/lvgl.dir/src/font/lv_font_unscii_16.c.o
[ 33%] Building C object lvgl/CMakeFiles/lvgl.dir/src/font/lv_font_unscii_8.c.o
[ 33%] Building C object lvgl/CMakeFiles/lvgl.dir/src/indev/lv_gridnav.c.o
[ 33%] Building C object lvgl/CMakeFiles/lvgl.dir/src/indev/lv_indev.c.o
[ 33%] Building C object lvgl/CMakeFiles/lvgl.dir/src/indev/lv_indev_gesture.c.o
[ 33%] Building C object lvgl/CMakeFiles/lvgl.dir/src/indev/lv_indev_scroll.c.o
[ 33%] Building C object lvgl/CMakeFiles/lvgl.dir/src/layouts/flex/lv_flex.c.o
[ 33%] Building C object lvgl/CMakeFiles/lvgl.dir/src/layouts/grid/lv_grid.c.o
[ 34%] Building C object lvgl/CMakeFiles/lvgl.dir/src/layouts/lv_layout.c.o
[ 34%] Building C object lvgl/CMakeFiles/lvgl.dir/src/libs/FT800-FT813/EVE_commands.c.o
[ 34%] Building C object lvgl/CMakeFiles/lvgl.dir/src/libs/FT800-FT813/EVE_supplemental.c.o
[ 34%] Building C object lvgl/CMakeFiles/lvgl.dir/src/libs/barcode/code128.c.o
[ 34%] Building C object lvgl/CMakeFiles/lvgl.dir/src/libs/barcode/lv_barcode.c.o
[ 34%] Building C object lvgl/CMakeFiles/lvgl.dir/src/libs/bin_decoder/lv_bin_decoder.c.o
[ 34%] Building C object lvgl/CMakeFiles/lvgl.dir/src/libs/bmp/lv_bmp.c.o
[ 34%] Building C object lvgl/CMakeFiles/lvgl.dir/src/libs/ffmpeg/lv_ffmpeg.c.o
[ 34%] Building C object lvgl/CMakeFiles/lvgl.dir/src/libs/freetype/lv_freetype.c.o
[ 35%] Building C object lvgl/CMakeFiles/lvgl.dir/src/libs/freetype/lv_freetype_glyph.c.o
[ 35%] Building C object lvgl/CMakeFiles/lvgl.dir/src/libs/freetype/lv_freetype_image.c.o
[ 35%] Building C object lvgl/CMakeFiles/lvgl.dir/src/libs/freetype/lv_freetype_outline.c.o
[ 35%] Building C object lvgl/CMakeFiles/lvgl.dir/src/libs/freetype/lv_ftsystem.c.o
[ 35%] Building C object lvgl/CMakeFiles/lvgl.dir/src/libs/frogfs/src/decomp_raw.c.o
[ 35%] Building C object lvgl/CMakeFiles/lvgl.dir/src/libs/frogfs/src/frogfs.c.o
[ 35%] Building CXX object lvgl/CMakeFiles/lvgl.dir/src/libs/fsdrv/lv_fs_arduino_esp_littlefs.cpp.o
[ 35%] Building CXX object lvgl/CMakeFiles/lvgl.dir/src/libs/fsdrv/lv_fs_arduino_sd.cpp.o
[ 35%] Building C object lvgl/CMakeFiles/lvgl.dir/src/libs/fsdrv/lv_fs_cbfs.c.o
[ 35%] Building C object lvgl/CMakeFiles/lvgl.dir/src/libs/fsdrv/lv_fs_fatfs.c.o
[ 36%] Building C object lvgl/CMakeFiles/lvgl.dir/src/libs/fsdrv/lv_fs_frogfs.c.o
[ 36%] Building C object lvgl/CMakeFiles/lvgl.dir/src/libs/fsdrv/lv_fs_littlefs.c.o
[ 36%] Building C object lvgl/CMakeFiles/lvgl.dir/src/libs/fsdrv/lv_fs_memfs.c.o
[ 36%] Building C object lvgl/CMakeFiles/lvgl.dir/src/libs/fsdrv/lv_fs_posix.c.o
[ 36%] Building C object lvgl/CMakeFiles/lvgl.dir/src/libs/fsdrv/lv_fs_stdio.c.o
[ 36%] Building C object lvgl/CMakeFiles/lvgl.dir/src/libs/fsdrv/lv_fs_uefi.c.o
[ 36%] Building C object lvgl/CMakeFiles/lvgl.dir/src/libs/fsdrv/lv_fs_win32.c.o
[ 36%] Building C object lvgl/CMakeFiles/lvgl.dir/src/libs/gif/gif.c.o
[ 36%] Building CXX object lvgl/CMakeFiles/lvgl.dir/src/libs/gltf/gltf_data/lv_gltf_data.cpp.o
[ 37%] Building CXX object lvgl/CMakeFiles/lvgl.dir/src/libs/gltf/gltf_data/lv_gltf_data_animations.cpp.o
[ 37%] Building CXX object lvgl/CMakeFiles/lvgl.dir/src/libs/gltf/gltf_data/lv_gltf_data_cache.cpp.o
[ 37%] Building CXX object lvgl/CMakeFiles/lvgl.dir/src/libs/gltf/gltf_data/lv_gltf_data_injest.cpp.o
[ 37%] Building CXX object lvgl/CMakeFiles/lvgl.dir/src/libs/gltf/gltf_data/lv_gltf_data_mesh.cpp.o
[ 37%] Building CXX object lvgl/CMakeFiles/lvgl.dir/src/libs/gltf/gltf_data/lv_gltf_data_primitive.cpp.o
[ 37%] Building CXX object lvgl/CMakeFiles/lvgl.dir/src/libs/gltf/gltf_data/lv_gltf_data_shader.cpp.o
[ 37%] Building CXX object lvgl/CMakeFiles/lvgl.dir/src/libs/gltf/gltf_data/lv_gltf_data_skin.cpp.o
[ 37%] Building CXX object lvgl/CMakeFiles/lvgl.dir/src/libs/gltf/gltf_data/lv_gltf_data_texture.cpp.o
[ 37%] Building C object lvgl/CMakeFiles/lvgl.dir/src/libs/gltf/gltf_data/lv_gltf_model_loader.c.o
[ 37%] Building CXX object lvgl/CMakeFiles/lvgl.dir/src/libs/gltf/gltf_data/lv_gltf_model_node.cpp.o
[ 38%] Building CXX object lvgl/CMakeFiles/lvgl.dir/src/libs/gltf/gltf_data/lv_gltf_uniform_locations.cpp.o
[ 38%] Building C object lvgl/CMakeFiles/lvgl.dir/src/libs/gltf/gltf_environment/lv_gltf_ibl_sampler.c.o
[ 38%] Building C object lvgl/CMakeFiles/lvgl.dir/src/libs/gltf/gltf_view/assets/chromatic.c.o
[ 38%] Building C object lvgl/CMakeFiles/lvgl.dir/src/libs/gltf/gltf_view/assets/lv_gltf_view_shader.c.o
[ 38%] Building CXX object lvgl/CMakeFiles/lvgl.dir/src/libs/gltf/gltf_view/lv_gltf_view.cpp.o
[ 38%] Building CXX object lvgl/CMakeFiles/lvgl.dir/src/libs/gltf/gltf_view/lv_gltf_view_render.cpp.o
[ 38%] Building CXX object lvgl/CMakeFiles/lvgl.dir/src/libs/gltf/gltf_view/lv_gltf_view_shader.cpp.o
[ 38%] Building C object lvgl/CMakeFiles/lvgl.dir/src/libs/gltf/math/lv_3dmath.c.o
[ 38%] Building CXX object lvgl/CMakeFiles/lvgl.dir/src/libs/gltf/math/lv_gltf_math.cpp.o
[ 38%] Building C object lvgl/CMakeFiles/lvgl.dir/src/libs/gstreamer/lv_gstreamer.c.o
[ 39%] Building C object lvgl/CMakeFiles/lvgl.dir/src/libs/libjpeg_turbo/lv_libjpeg_turbo.c.o
[ 39%] Building C object lvgl/CMakeFiles/lvgl.dir/src/libs/libpng/lv_libpng.c.o
[ 39%] Building C object lvgl/CMakeFiles/lvgl.dir/src/libs/libwebp/lv_libwebp.c.o
[ 39%] Building C object lvgl/CMakeFiles/lvgl.dir/src/libs/lodepng/lodepng.c.o
[ 39%] Building C object lvgl/CMakeFiles/lvgl.dir/src/libs/lodepng/lv_lodepng.c.o
[ 39%] Building C object lvgl/CMakeFiles/lvgl.dir/src/libs/lz4/lz4.c.o
[ 39%] Building C object lvgl/CMakeFiles/lvgl.dir/src/libs/nanovg/nanovg.c.o
[ 39%] Building C object lvgl/CMakeFiles/lvgl.dir/src/libs/qrcode/lv_qrcode.c.o
[ 39%] Building C object lvgl/CMakeFiles/lvgl.dir/src/libs/qrcode/qrcodegen.c.o
[ 40%] Building C object lvgl/CMakeFiles/lvgl.dir/src/libs/rle/lv_rle.c.o
[ 40%] Building C object lvgl/CMakeFiles/lvgl.dir/src/libs/rlottie/lv_rlottie.c.o
[ 40%] Building C object lvgl/CMakeFiles/lvgl.dir/src/libs/svg/lv_svg.c.o
[ 40%] Building C object lvgl/CMakeFiles/lvgl.dir/src/libs/svg/lv_svg_decoder.c.o
[ 40%] Building C object lvgl/CMakeFiles/lvgl.dir/src/libs/svg/lv_svg_parser.c.o
[ 40%] Building C object lvgl/CMakeFiles/lvgl.dir/src/libs/svg/lv_svg_render.c.o
[ 40%] Building C object lvgl/CMakeFiles/lvgl.dir/src/libs/svg/lv_svg_token.c.o
[ 40%] Building C object lvgl/CMakeFiles/lvgl.dir/src/libs/tiny_ttf/lv_tiny_ttf.c.o
[ 40%] Building C object lvgl/CMakeFiles/lvgl.dir/src/libs/tjpgd/lv_tjpgd.c.o
[ 40%] Building C object lvgl/CMakeFiles/lvgl.dir/src/libs/tjpgd/tjpgd.c.o
[ 41%] Building C object lvgl/CMakeFiles/lvgl.dir/src/libs/vg_lite_driver/VGLite/vg_lite.c.o
[ 41%] Building C object lvgl/CMakeFiles/lvgl.dir/src/libs/vg_lite_driver/VGLite/vg_lite_image.c.o
[ 41%] Building C object lvgl/CMakeFiles/lvgl.dir/src/libs/vg_lite_driver/VGLite/vg_lite_matrix.c.o
[ 41%] Building C object lvgl/CMakeFiles/lvgl.dir/src/libs/vg_lite_driver/VGLite/vg_lite_path.c.o
[ 41%] Building C object lvgl/CMakeFiles/lvgl.dir/src/libs/vg_lite_driver/VGLite/vg_lite_stroke.c.o
[ 41%] Building C object lvgl/CMakeFiles/lvgl.dir/src/libs/vg_lite_driver/VGLiteKernel/vg_lite_kernel.c.o
[ 41%] Building C object lvgl/CMakeFiles/lvgl.dir/src/libs/vg_lite_driver/lv_vg_lite_hal/lv_vg_lite_hal.c.o
[ 41%] Building C object lvgl/CMakeFiles/lvgl.dir/src/libs/vg_lite_driver/lv_vg_lite_hal/vg_lite_os.c.o
[ 41%] Building C object lvgl/CMakeFiles/lvgl.dir/src/lv_init.c.o
[ 42%] Building C object lvgl/CMakeFiles/lvgl.dir/src/misc/cache/class/lv_cache_lru_ll.c.o
[ 42%] Building C object lvgl/CMakeFiles/lvgl.dir/src/misc/cache/class/lv_cache_lru_rb.c.o
[ 42%] Building C object lvgl/CMakeFiles/lvgl.dir/src/misc/cache/class/lv_cache_sc_da.c.o
[ 42%] Building C object lvgl/CMakeFiles/lvgl.dir/src/misc/cache/instance/lv_image_cache.c.o
[ 42%] Building C object lvgl/CMakeFiles/lvgl.dir/src/misc/cache/instance/lv_image_header_cache.c.o
[ 42%] Building C object lvgl/CMakeFiles/lvgl.dir/src/misc/cache/lv_cache.c.o
[ 42%] Building C object lvgl/CMakeFiles/lvgl.dir/src/misc/cache/lv_cache_entry.c.o
[ 42%] Building C object lvgl/CMakeFiles/lvgl.dir/src/misc/lv_anim.c.o
[ 42%] Building C object lvgl/CMakeFiles/lvgl.dir/src/misc/lv_anim_timeline.c.o
[ 42%] Building C object lvgl/CMakeFiles/lvgl.dir/src/misc/lv_area.c.o
[ 43%] Building C object lvgl/CMakeFiles/lvgl.dir/src/misc/lv_array.c.o
[ 43%] Building C object lvgl/CMakeFiles/lvgl.dir/src/misc/lv_async.c.o
[ 43%] Building C object lvgl/CMakeFiles/lvgl.dir/src/misc/lv_bidi.c.o
[ 43%] Building C object lvgl/CMakeFiles/lvgl.dir/src/misc/lv_circle_buf.c.o
[ 43%] Building C object lvgl/CMakeFiles/lvgl.dir/src/misc/lv_color.c.o
[ 43%] Building C object lvgl/CMakeFiles/lvgl.dir/src/misc/lv_color_op.c.o
[ 43%] Building C object lvgl/CMakeFiles/lvgl.dir/src/misc/lv_event.c.o
[ 43%] Building C object lvgl/CMakeFiles/lvgl.dir/src/misc/lv_fs.c.o
[ 43%] Building C object lvgl/CMakeFiles/lvgl.dir/src/misc/lv_grad.c.o
[ 44%] Building C object lvgl/CMakeFiles/lvgl.dir/src/misc/lv_iter.c.o
[ 44%] Building C object lvgl/CMakeFiles/lvgl.dir/src/misc/lv_ll.c.o
[ 44%] Building C object lvgl/CMakeFiles/lvgl.dir/src/misc/lv_log.c.o
[ 44%] Building C object lvgl/CMakeFiles/lvgl.dir/src/misc/lv_lru.c.o
[ 44%] Building C object lvgl/CMakeFiles/lvgl.dir/src/misc/lv_math.c.o
[ 44%] Building C object lvgl/CMakeFiles/lvgl.dir/src/misc/lv_matrix.c.o
[ 44%] Building C object lvgl/CMakeFiles/lvgl.dir/src/misc/lv_palette.c.o
[ 44%] Building C object lvgl/CMakeFiles/lvgl.dir/src/misc/lv_pending.c.o
[ 44%] Building C object lvgl/CMakeFiles/lvgl.dir/src/misc/lv_profiler_builtin.c.o
[ 44%] Building C object lvgl/CMakeFiles/lvgl.dir/src/misc/lv_profiler_builtin_posix.c.o
[ 45%] Building C object lvgl/CMakeFiles/lvgl.dir/src/misc/lv_rb.c.o
[ 45%] Building C object lvgl/CMakeFiles/lvgl.dir/src/misc/lv_style.c.o
[ 45%] Building C object lvgl/CMakeFiles/lvgl.dir/src/misc/lv_style_gen.c.o
[ 45%] Building C object lvgl/CMakeFiles/lvgl.dir/src/misc/lv_templ.c.o
[ 45%] Building C object lvgl/CMakeFiles/lvgl.dir/src/misc/lv_text.c.o
[ 45%] Building C object lvgl/CMakeFiles/lvgl.dir/src/misc/lv_text_ap.c.o
[ 45%] Building C object lvgl/CMakeFiles/lvgl.dir/src/misc/lv_timer.c.o
[ 45%] Building C object lvgl/CMakeFiles/lvgl.dir/src/misc/lv_tree.c.o
[ 45%] Building C object lvgl/CMakeFiles/lvgl.dir/src/misc/lv_utils.c.o
[ 46%] Building C object lvgl/CMakeFiles/lvgl.dir/src/osal/lv_cmsis_rtos2.c.o
[ 46%] Building C object lvgl/CMakeFiles/lvgl.dir/src/osal/lv_freertos.c.o
[ 46%] Building C object lvgl/CMakeFiles/lvgl.dir/src/osal/lv_linux.c.o
[ 46%] Building C object lvgl/CMakeFiles/lvgl.dir/src/osal/lv_mqx.c.o
[ 46%] Building C object lvgl/CMakeFiles/lvgl.dir/src/osal/lv_os.c.o
[ 46%] Building C object lvgl/CMakeFiles/lvgl.dir/src/osal/lv_os_none.c.o
[ 46%] Building C object lvgl/CMakeFiles/lvgl.dir/src/osal/lv_pthread.c.o
[ 46%] Building C object lvgl/CMakeFiles/lvgl.dir/src/osal/lv_rtthread.c.o
[ 46%] Building C object lvgl/CMakeFiles/lvgl.dir/src/osal/lv_sdl2.c.o
[ 46%] Building C object lvgl/CMakeFiles/lvgl.dir/src/osal/lv_windows.c.o
[ 47%] Building C object lvgl/CMakeFiles/lvgl.dir/src/others/file_explorer/lv_file_explorer.c.o
[ 47%] Building C object lvgl/CMakeFiles/lvgl.dir/src/others/fragment/lv_fragment.c.o
[ 47%] Building C object lvgl/CMakeFiles/lvgl.dir/src/others/fragment/lv_fragment_manager.c.o
[ 47%] Building C object lvgl/CMakeFiles/lvgl.dir/src/others/translation/lv_translation.c.o
[ 47%] Building C object lvgl/CMakeFiles/lvgl.dir/src/stdlib/builtin/lv_mem_core_builtin.c.o
[ 47%] Building C object lvgl/CMakeFiles/lvgl.dir/src/stdlib/builtin/lv_sprintf_builtin.c.o
[ 47%] Building C object lvgl/CMakeFiles/lvgl.dir/src/stdlib/builtin/lv_string_builtin.c.o
[ 47%] Building C object lvgl/CMakeFiles/lvgl.dir/src/stdlib/builtin/lv_tlsf.c.o
[ 47%] Building C object lvgl/CMakeFiles/lvgl.dir/src/stdlib/clib/lv_mem_core_clib.c.o
[ 47%] Building C object lvgl/CMakeFiles/lvgl.dir/src/stdlib/clib/lv_sprintf_clib.c.o
[ 48%] Building C object lvgl/CMakeFiles/lvgl.dir/src/stdlib/clib/lv_string_clib.c.o
[ 48%] Building C object lvgl/CMakeFiles/lvgl.dir/src/stdlib/lv_mem.c.o
[ 48%] Building C object lvgl/CMakeFiles/lvgl.dir/src/stdlib/micropython/lv_mem_core_micropython.c.o
[ 48%] Building C object lvgl/CMakeFiles/lvgl.dir/src/stdlib/rtthread/lv_mem_core_rtthread.c.o
[ 48%] Building C object lvgl/CMakeFiles/lvgl.dir/src/stdlib/rtthread/lv_sprintf_rtthread.c.o
[ 48%] Building C object lvgl/CMakeFiles/lvgl.dir/src/stdlib/rtthread/lv_string_rtthread.c.o
[ 48%] Building C object lvgl/CMakeFiles/lvgl.dir/src/stdlib/uefi/lv_mem_core_uefi.c.o
[ 48%] Building C object lvgl/CMakeFiles/lvgl.dir/src/themes/default/lv_theme_default.c.o
[ 48%] Building C object lvgl/CMakeFiles/lvgl.dir/src/themes/lv_theme.c.o
[ 49%] Building C object lvgl/CMakeFiles/lvgl.dir/src/themes/mono/lv_theme_mono.c.o
[ 49%] Building C object lvgl/CMakeFiles/lvgl.dir/src/themes/simple/lv_theme_simple.c.o
[ 49%] Building C object lvgl/CMakeFiles/lvgl.dir/src/tick/lv_tick.c.o
[ 49%] Building C object lvgl/CMakeFiles/lvgl.dir/src/widgets/3dtexture/lv_3dtexture.c.o
[ 49%] Building C object lvgl/CMakeFiles/lvgl.dir/src/widgets/animimage/lv_animimage.c.o
[ 49%] Building C object lvgl/CMakeFiles/lvgl.dir/src/widgets/arc/lv_arc.c.o
[ 49%] Building C object lvgl/CMakeFiles/lvgl.dir/src/widgets/arclabel/lv_arclabel.c.o
[ 49%] Building C object lvgl/CMakeFiles/lvgl.dir/src/widgets/bar/lv_bar.c.o
[ 49%] Building C object lvgl/CMakeFiles/lvgl.dir/src/widgets/button/lv_button.c.o
[ 49%] Building C object lvgl/CMakeFiles/lvgl.dir/src/widgets/buttonmatrix/lv_buttonmatrix.c.o
[ 50%] Building C object lvgl/CMakeFiles/lvgl.dir/src/widgets/calendar/lv_calendar.c.o
[ 50%] Building C object lvgl/CMakeFiles/lvgl.dir/src/widgets/calendar/lv_calendar_chinese.c.o
[ 50%] Building C object lvgl/CMakeFiles/lvgl.dir/src/widgets/calendar/lv_calendar_header_arrow.c.o
[ 50%] Building C object lvgl/CMakeFiles/lvgl.dir/src/widgets/calendar/lv_calendar_header_dropdown.c.o
[ 50%] Building C object lvgl/CMakeFiles/lvgl.dir/src/widgets/canvas/lv_canvas.c.o
[ 50%] Building C object lvgl/CMakeFiles/lvgl.dir/src/widgets/chart/lv_chart.c.o
[ 50%] Building C object lvgl/CMakeFiles/lvgl.dir/src/widgets/checkbox/lv_checkbox.c.o
[ 50%] Building C object lvgl/CMakeFiles/lvgl.dir/src/widgets/dropdown/lv_dropdown.c.o
[ 50%] Building C object lvgl/CMakeFiles/lvgl.dir/src/widgets/gif/lv_gif.c.o
[ 51%] Building C object lvgl/CMakeFiles/lvgl.dir/src/widgets/image/lv_image.c.o
[ 51%] Building C object lvgl/CMakeFiles/lvgl.dir/src/widgets/imagebutton/lv_imagebutton.c.o
[ 51%] Building C object lvgl/CMakeFiles/lvgl.dir/src/widgets/ime/lv_ime_pinyin.c.o
[ 51%] Building C object lvgl/CMakeFiles/lvgl.dir/src/widgets/keyboard/lv_keyboard.c.o
[ 51%] Building C object lvgl/CMakeFiles/lvgl.dir/src/widgets/label/lv_label.c.o
[ 51%] Building C object lvgl/CMakeFiles/lvgl.dir/src/widgets/led/lv_led.c.o
[ 51%] Building C object lvgl/CMakeFiles/lvgl.dir/src/widgets/line/lv_line.c.o
[ 51%] Building C object lvgl/CMakeFiles/lvgl.dir/src/widgets/list/lv_list.c.o
[ 51%] Building C object lvgl/CMakeFiles/lvgl.dir/src/widgets/lottie/lv_lottie.c.o
[ 51%] Building C object lvgl/CMakeFiles/lvgl.dir/src/widgets/menu/lv_menu.c.o
[ 52%] Building C object lvgl/CMakeFiles/lvgl.dir/src/widgets/msgbox/lv_msgbox.c.o
[ 52%] Building C object lvgl/CMakeFiles/lvgl.dir/src/widgets/objx_templ/lv_objx_templ.c.o
[ 52%] Building C object lvgl/CMakeFiles/lvgl.dir/src/widgets/property/lv_animimage_properties.c.o
[ 52%] Building C object lvgl/CMakeFiles/lvgl.dir/src/widgets/property/lv_arc_properties.c.o
[ 52%] Building C object lvgl/CMakeFiles/lvgl.dir/src/widgets/property/lv_bar_properties.c.o
[ 52%] Building C object lvgl/CMakeFiles/lvgl.dir/src/widgets/property/lv_buttonmatrix_properties.c.o
[ 52%] Building C object lvgl/CMakeFiles/lvgl.dir/src/widgets/property/lv_chart_properties.c.o
[ 52%] Building C object lvgl/CMakeFiles/lvgl.dir/src/widgets/property/lv_checkbox_properties.c.o
[ 52%] Building C object lvgl/CMakeFiles/lvgl.dir/src/widgets/property/lv_dropdown_properties.c.o
[ 53%] Building C object lvgl/CMakeFiles/lvgl.dir/src/widgets/property/lv_image_properties.c.o
[ 53%] Building C object lvgl/CMakeFiles/lvgl.dir/src/widgets/property/lv_keyboard_properties.c.o
[ 53%] Building C object lvgl/CMakeFiles/lvgl.dir/src/widgets/property/lv_label_properties.c.o
[ 53%] Building C object lvgl/CMakeFiles/lvgl.dir/src/widgets/property/lv_led_properties.c.o
[ 53%] Building C object lvgl/CMakeFiles/lvgl.dir/src/widgets/property/lv_line_properties.c.o
[ 53%] Building C object lvgl/CMakeFiles/lvgl.dir/src/widgets/property/lv_menu_properties.c.o
[ 53%] Building C object lvgl/CMakeFiles/lvgl.dir/src/widgets/property/lv_obj_properties.c.o
[ 53%] Building C object lvgl/CMakeFiles/lvgl.dir/src/widgets/property/lv_roller_properties.c.o
[ 53%] Building C object lvgl/CMakeFiles/lvgl.dir/src/widgets/property/lv_scale_properties.c.o
[ 53%] Building C object lvgl/CMakeFiles/lvgl.dir/src/widgets/property/lv_slider_properties.c.o
[ 54%] Building C object lvgl/CMakeFiles/lvgl.dir/src/widgets/property/lv_span_properties.c.o
[ 54%] Building C object lvgl/CMakeFiles/lvgl.dir/src/widgets/property/lv_spinbox_properties.c.o
[ 54%] Building C object lvgl/CMakeFiles/lvgl.dir/src/widgets/property/lv_spinner_properties.c.o
[ 54%] Building C object lvgl/CMakeFiles/lvgl.dir/src/widgets/property/lv_style_properties.c.o
[ 54%] Building C object lvgl/CMakeFiles/lvgl.dir/src/widgets/property/lv_switch_properties.c.o
[ 54%] Building C object lvgl/CMakeFiles/lvgl.dir/src/widgets/property/lv_table_properties.c.o
[ 54%] Building C object lvgl/CMakeFiles/lvgl.dir/src/widgets/property/lv_tabview_properties.c.o
[ 54%] Building C object lvgl/CMakeFiles/lvgl.dir/src/widgets/property/lv_textarea_properties.c.o
[ 54%] Building C object lvgl/CMakeFiles/lvgl.dir/src/widgets/roller/lv_roller.c.o
[ 55%] Building C object lvgl/CMakeFiles/lvgl.dir/src/widgets/scale/lv_scale.c.o
[ 55%] Building C object lvgl/CMakeFiles/lvgl.dir/src/widgets/slider/lv_slider.c.o
[ 55%] Building C object lvgl/CMakeFiles/lvgl.dir/src/widgets/span/lv_span.c.o
[ 55%] Building C object lvgl/CMakeFiles/lvgl.dir/src/widgets/spinbox/lv_spinbox.c.o
[ 55%] Building C object lvgl/CMakeFiles/lvgl.dir/src/widgets/spinner/lv_spinner.c.o
[ 55%] Building C object lvgl/CMakeFiles/lvgl.dir/src/widgets/switch/lv_switch.c.o
[ 55%] Building C object lvgl/CMakeFiles/lvgl.dir/src/widgets/table/lv_table.c.o
[ 55%] Building C object lvgl/CMakeFiles/lvgl.dir/src/widgets/tabview/lv_tabview.c.o
[ 55%] Building C object lvgl/CMakeFiles/lvgl.dir/src/widgets/textarea/lv_textarea.c.o
[ 55%] Building C object lvgl/CMakeFiles/lvgl.dir/src/widgets/tileview/lv_tileview.c.o
[ 56%] Building C object lvgl/CMakeFiles/lvgl.dir/src/widgets/win/lv_win.c.o
[ 56%] Linking CXX static library liblvgl.a
[ 56%] Built target lvgl
[ 56%] Building C object CMakeFiles/lvglsim.dir/src/main.c.o
[ 57%] Linking CXX executable bin/lvglsim
/usr/bin/x86_64-linux-gnu-ld.bfd: CMakeFiles/lvglsim.dir/src/main.c.o: in function `main':
main.c:(.text+0x484): undefined reference to `lv_demo_widgets'
/usr/bin/x86_64-linux-gnu-ld.bfd: main.c:(.text+0x489): undefined reference to `lv_demo_widgets_start_slideshow'
collect2: error: ld returned 1 exit status
gmake[2]: *** [CMakeFiles/lvglsim.dir/build.make:108: bin/lvglsim] Error 1
gmake[1]: *** [CMakeFiles/Makefile2:155: CMakeFiles/lvglsim.dir/all] Error 2
gmake: *** [Makefile:136: all] Error 2
